#
# There is insufficient memory for the Java Runtime Environment to continue.
# Native memory allocation (malloc) failed to allocate 1084496 bytes for Chunk::new
# Possible reasons:
#   The system is out of physical RAM or swap space
#   The process is running with CompressedOops enabled, and the Java Heap may be blocking the growth of the native heap
# Possible solutions:
#   Reduce memory load on the system
#   Increase physical memory or swap space
#   Check if swap backing store is full
#   Decrease Java heap size (-Xmx/-Xms)
#   Decrease number of Java threads
#   Decrease Java thread stack sizes (-Xss)
#   Set larger code cache with -XX:ReservedCodeCacheSize=
#   JVM is running with Unscaled Compressed Oops mode in which the Java heap is
#     placed in the first 4GB address space. The Java Heap base address is the
#     maximum limit for the native heap growth. Please use -XX:HeapBaseMinAddress
#     to set the Java Heap base and to place the Java Heap above 4GB virtual address.
# This output file may be truncated or incomplete.
#
#  Out of Memory Error (./src/hotspot/share/memory/arena.cpp:197), pid=5100, tid=5020
#
# JRE version: OpenJDK Runtime Environment (11.0.10) (build 11.0.10+0-b96-7249189)
# Java VM: OpenJDK 64-Bit Server VM (11.0.10+0-b96-7249189, mixed mode, tiered, compressed oops, g1 gc, windows-amd64)
# No core dump will be written. Minidumps are not enabled by default on client versions of Windows
#

---------------  S U M M A R Y ------------

Command Line: --add-opens=java.base/java.util=ALL-UNNAMED --add-opens=java.base/java.lang=ALL-UNNAMED --add-opens=java.base/java.lang.invoke=ALL-UNNAMED --add-opens=java.base/java.util=ALL-UNNAMED --add-opens=java.prefs/java.util.prefs=ALL-UNNAMED --add-opens=java.prefs/java.util.prefs=ALL-UNNAMED --add-opens=java.base/java.nio.charset=ALL-UNNAMED --add-opens=java.base/java.net=ALL-UNNAMED --add-opens=java.base/java.util.concurrent.atomic=ALL-UNNAMED -Xmx2048m -Dfile.encoding=UTF-8 -Duser.country=RU -Duser.language=ru -Duser.variant org.gradle.launcher.daemon.bootstrap.GradleDaemon 7.0.2

Host: AMD Ryzen 5 4600H with Radeon Graphics         , 12 cores, 7G,  Windows 10 , 64 bit Build 19041 (10.0.19041.1466)
Time: Thu Feb 10 15:23:33 2022 Центральная Азия (зима) elapsed time: 25.263918 seconds (0d 0h 0m 25s)

---------------  T H R E A D  ---------------

Current thread (0x0000029c8f160000):  JavaThread "C2 CompilerThread0" daemon [_thread_in_native, id=5020, stack(0x000000d986600000,0x000000d986700000)]


Current CompileTask:
C2:  25263 6167       4       java.util.regex.Pattern::compile (498 bytes)

Stack: [0x000000d986600000,0x000000d986700000]
Native frames: (J=compiled Java code, j=interpreted, Vv=VM code, C=native code)
V  [jvm.dll+0x5ecfaa]
V  [jvm.dll+0x722bd5]
V  [jvm.dll+0x72412d]
V  [jvm.dll+0x7247e3]
V  [jvm.dll+0x242928]
V  [jvm.dll+0xbc4fc]
V  [jvm.dll+0xbca0c]
V  [jvm.dll+0x352d3b]
V  [jvm.dll+0x320ad3]
V  [jvm.dll+0x31ffca]
V  [jvm.dll+0x1fb602]
V  [jvm.dll+0x1fa7f4]
V  [jvm.dll+0x18354c]
V  [jvm.dll+0x208ee7]
V  [jvm.dll+0x207731]
V  [jvm.dll+0x6eb1cf]
V  [jvm.dll+0x6e3d45]
V  [jvm.dll+0x5ebe96]
C  [ucrtbase.dll+0x21bb2]
C  [KERNEL32.DLL+0x17034]
C  [ntdll.dll+0x52651]


---------------  P R O C E S S  ---------------

Threads class SMR info:
_java_thread_list=0x0000029c95b0e760, length=59, elements={
0x0000029cf372a000, 0x0000029cff712000, 0x0000029cff715800, 0x0000029c8f15b800,
0x0000029c8f15d800, 0x0000029c8f15e800, 0x0000029c8f160000, 0x0000029c8f163000,
0x0000029cff737800, 0x0000029c8f2a7800, 0x0000029c9130b800, 0x0000029c90c49000,
0x0000029c917cb800, 0x0000029c913de000, 0x0000029c915a1800, 0x0000029c9129e000,
0x0000029c8f97d000, 0x0000029c90223000, 0x0000029c8f424800, 0x0000029c8fd06000,
0x0000029c8fd02000, 0x0000029c8fd02800, 0x0000029c8fd03800, 0x0000029c8fd00000,
0x0000029c8fd04800, 0x0000029c8fd05000, 0x0000029c8fd06800, 0x0000029c8fd01000,
0x0000029c933ae000, 0x0000029c933aa000, 0x0000029c933ab800, 0x0000029c933ac800,
0x0000029c933b2000, 0x0000029c933b0800, 0x0000029c933b3000, 0x0000029c933ad800,
0x0000029c933b6000, 0x0000029c933b4800, 0x0000029c933b4000, 0x0000029c933b5800,
0x0000029c933b7000, 0x0000029c933b8000, 0x0000029c93d40800, 0x0000029c93d3d000,
0x0000029c93d3f000, 0x0000029c93d3f800, 0x0000029c93d43800, 0x0000029c93d3e000,
0x0000029c93d45800, 0x0000029c93d44800, 0x0000029c93d46000, 0x0000029c93d47000,
0x0000029c93d42000, 0x0000029c93d41000, 0x0000029c93d48800, 0x0000029c93d48000,
0x0000029c93d43000, 0x0000029c93d49800, 0x0000029c93d4a000
}

Java Threads: ( => current thread )
  0x0000029cf372a000 JavaThread "main" [_thread_blocked, id=13116, stack(0x000000d985a00000,0x000000d985b00000)]
  0x0000029cff712000 JavaThread "Reference Handler" daemon [_thread_blocked, id=7556, stack(0x000000d986100000,0x000000d986200000)]
  0x0000029cff715800 JavaThread "Finalizer" daemon [_thread_blocked, id=15032, stack(0x000000d986200000,0x000000d986300000)]
  0x0000029c8f15b800 JavaThread "Signal Dispatcher" daemon [_thread_blocked, id=10940, stack(0x000000d986300000,0x000000d986400000)]
  0x0000029c8f15d800 JavaThread "Attach Listener" daemon [_thread_blocked, id=11332, stack(0x000000d986400000,0x000000d986500000)]
  0x0000029c8f15e800 JavaThread "Service Thread" daemon [_thread_blocked, id=19780, stack(0x000000d986500000,0x000000d986600000)]
=>0x0000029c8f160000 JavaThread "C2 CompilerThread0" daemon [_thread_in_native, id=5020, stack(0x000000d986600000,0x000000d986700000)]
  0x0000029c8f163000 JavaThread "C1 CompilerThread0" daemon [_thread_blocked, id=4376, stack(0x000000d986700000,0x000000d986800000)]
  0x0000029cff737800 JavaThread "Sweeper thread" daemon [_thread_blocked, id=21440, stack(0x000000d986800000,0x000000d986900000)]
  0x0000029c8f2a7800 JavaThread "Common-Cleaner" daemon [_thread_blocked, id=15468, stack(0x000000d986900000,0x000000d986a00000)]
  0x0000029c9130b800 JavaThread "Daemon health stats" [_thread_blocked, id=2120, stack(0x000000d986c00000,0x000000d986d00000)]
  0x0000029c90c49000 JavaThread "Incoming local TCP Connector on port 54539" [_thread_in_native, id=10524, stack(0x000000d986d00000,0x000000d986e00000)]
  0x0000029c917cb800 JavaThread "Daemon periodic checks" [_thread_blocked, id=8296, stack(0x000000d986e00000,0x000000d986f00000)]
  0x0000029c913de000 JavaThread "Daemon" [_thread_blocked, id=10184, stack(0x000000d986f00000,0x000000d987000000)]
  0x0000029c915a1800 JavaThread "Handler for socket connection from /127.0.0.1:54539 to /127.0.0.1:54541" [_thread_in_native, id=2444, stack(0x000000d987000000,0x000000d987100000)]
  0x0000029c9129e000 JavaThread "Cancel handler" [_thread_blocked, id=376, stack(0x000000d987100000,0x000000d987200000)]
  0x0000029c8f97d000 JavaThread "Daemon worker" [_thread_in_Java, id=13760, stack(0x000000d987200000,0x000000d987300000)]
  0x0000029c90223000 JavaThread "Asynchronous log dispatcher for DefaultDaemonConnection: socket connection from /127.0.0.1:54539 to /127.0.0.1:54541" [_thread_blocked, id=2460, stack(0x000000d987300000,0x000000d987400000)]
  0x0000029c8f424800 JavaThread "Stdin handler" [_thread_blocked, id=20356, stack(0x000000d987400000,0x000000d987500000)]
  0x0000029c8fd06000 JavaThread "Daemon client event forwarder" [_thread_blocked, id=12624, stack(0x000000d987500000,0x000000d987600000)]
  0x0000029c8fd02000 JavaThread "Cache worker for file hash cache (C:\Users\rxsho\.gradle\caches\7.0.2\fileHashes)" [_thread_blocked, id=5048, stack(0x000000d987e00000,0x000000d987f00000)]
  0x0000029c8fd02800 JavaThread "File lock request listener" [_thread_in_native, id=9308, stack(0x000000d987f00000,0x000000d988000000)]
  0x0000029c8fd03800 JavaThread "Cache worker for journal cache (C:\Users\rxsho\.gradle\caches\journal-1)" [_thread_blocked, id=2296, stack(0x000000d988200000,0x000000d988300000)]
  0x0000029c8fd00000 JavaThread "Cache worker for file hash cache (C:\Users\rxsho\AndroidStudioProjects\colors\.gradle\7.0.2\fileHashes)" [_thread_blocked, id=2504, stack(0x000000d988300000,0x000000d988400000)]
  0x0000029c8fd04800 JavaThread "File watcher server" daemon [_thread_in_native, id=20844, stack(0x000000d988400000,0x000000d988500000)]
  0x0000029c8fd05000 JavaThread "File watcher consumer" daemon [_thread_blocked, id=17180, stack(0x000000d988500000,0x000000d988600000)]
  0x0000029c8fd06800 JavaThread "Cache worker for checksums cache (C:\Users\rxsho\AndroidStudioProjects\colors\.gradle\checksums)" [_thread_blocked, id=11392, stack(0x000000d988600000,0x000000d988700000)]
  0x0000029c8fd01000 JavaThread "Cache worker for cache directory md-supplier (C:\Users\rxsho\.gradle\caches\7.0.2\md-supplier)" [_thread_blocked, id=14480, stack(0x000000d988700000,0x000000d988800000)]
  0x0000029c933ae000 JavaThread "Cache worker for cache directory md-rule (C:\Users\rxsho\.gradle\caches\7.0.2\md-rule)" [_thread_blocked, id=17360, stack(0x000000d988800000,0x000000d988900000)]
  0x0000029c933aa000 JavaThread "Cache worker for execution history cache (C:\Users\rxsho\.gradle\caches\7.0.2\executionHistory)" [_thread_blocked, id=20964, stack(0x000000d988900000,0x000000d988a00000)]
  0x0000029c933ab800 JavaThread "jar transforms" [_thread_blocked, id=1824, stack(0x000000d988a00000,0x000000d988b00000)]
  0x0000029c933ac800 JavaThread "jar transforms Thread 2" [_thread_blocked, id=1644, stack(0x000000d988b00000,0x000000d988c00000)]
  0x0000029c933b2000 JavaThread "Cache worker for file content cache (C:\Users\rxsho\.gradle\caches\7.0.2\fileContent)" [_thread_blocked, id=15752, stack(0x000000d988c00000,0x000000d988d00000)]
  0x0000029c933b0800 JavaThread "Cache worker for dependencies-accessors (C:\Users\rxsho\AndroidStudioProjects\colors\.gradle\7.0.2\dependencies-accessors)" [_thread_blocked, id=1640, stack(0x000000d988d00000,0x000000d988e00000)]
  0x0000029c933b3000 JavaThread "jar transforms Thread 3" [_thread_blocked, id=10808, stack(0x000000d988e00000,0x000000d988f00000)]
  0x0000029c933ad800 JavaThread "Cache worker for Build Output Cleanup Cache (C:\Users\rxsho\AndroidStudioProjects\colors\.gradle\buildOutputCleanup)" [_thread_blocked, id=9508, stack(0x000000d988f00000,0x000000d989000000)]
  0x0000029c933b6000 JavaThread "Build operations" [_thread_blocked, id=4480, stack(0x000000d989000000,0x000000d989100000)]
  0x0000029c933b4800 JavaThread "Build operations Thread 2" [_thread_blocked, id=10596, stack(0x000000d989100000,0x000000d989200000)]
  0x0000029c933b4000 JavaThread "Build operations Thread 3" [_thread_blocked, id=11960, stack(0x000000d989200000,0x000000d989300000)]
  0x0000029c933b5800 JavaThread "Build operations Thread 4" [_thread_blocked, id=12408, stack(0x000000d989300000,0x000000d989400000)]
  0x0000029c933b7000 JavaThread "Build operations Thread 5" [_thread_blocked, id=13180, stack(0x000000d989400000,0x000000d989500000)]
  0x0000029c933b8000 JavaThread "Build operations Thread 6" [_thread_blocked, id=8664, stack(0x000000d989500000,0x000000d989600000)]
  0x0000029c93d40800 JavaThread "Build operations Thread 7" [_thread_blocked, id=14640, stack(0x000000d989600000,0x000000d989700000)]
  0x0000029c93d3d000 JavaThread "Build operations Thread 8" [_thread_blocked, id=8528, stack(0x000000d989700000,0x000000d989800000)]
  0x0000029c93d3f000 JavaThread "Build operations Thread 9" [_thread_blocked, id=21140, stack(0x000000d989800000,0x000000d989900000)]
  0x0000029c93d3f800 JavaThread "Build operations Thread 10" [_thread_blocked, id=4780, stack(0x000000d989900000,0x000000d989a00000)]
  0x0000029c93d43800 JavaThread "Build operations Thread 11" [_thread_blocked, id=19468, stack(0x000000d989a00000,0x000000d989b00000)]
  0x0000029c93d3e000 JavaThread "Build operations Thread 12" [_thread_blocked, id=21960, stack(0x000000d989b00000,0x000000d989c00000)]
  0x0000029c93d45800 JavaThread "jar transforms Thread 4" [_thread_blocked, id=21676, stack(0x000000d989c00000,0x000000d989d00000)]
  0x0000029c93d44800 JavaThread "jar transforms Thread 5" [_thread_blocked, id=6720, stack(0x000000d989d00000,0x000000d989e00000)]
  0x0000029c93d46000 JavaThread "jar transforms Thread 6" [_thread_blocked, id=6192, stack(0x000000d989e00000,0x000000d989f00000)]
  0x0000029c93d47000 JavaThread "jar transforms Thread 7" [_thread_blocked, id=8008, stack(0x000000d989f00000,0x000000d98a000000)]
  0x0000029c93d42000 JavaThread "jar transforms Thread 8" [_thread_blocked, id=6960, stack(0x000000d98a000000,0x000000d98a100000)]
  0x0000029c93d41000 JavaThread "jar transforms Thread 9" [_thread_blocked, id=8908, stack(0x000000d98a100000,0x000000d98a200000)]
  0x0000029c93d48800 JavaThread "jar transforms Thread 10" [_thread_blocked, id=21564, stack(0x000000d98a200000,0x000000d98a300000)]
  0x0000029c93d48000 JavaThread "jar transforms Thread 11" [_thread_blocked, id=15440, stack(0x000000d98a300000,0x000000d98a400000)]
  0x0000029c93d43000 JavaThread "jar transforms Thread 12" [_thread_blocked, id=3928, stack(0x000000d98a400000,0x000000d98a500000)]
  0x0000029c93d49800 JavaThread "Memory manager" [_thread_blocked, id=12460, stack(0x000000d98a500000,0x000000d98a600000)]
  0x0000029c93d4a000 JavaThread "build event listener" [_thread_blocked, id=15044, stack(0x000000d98a600000,0x000000d98a700000)]

Other Threads:
  0x0000029cff6ec800 VMThread "VM Thread" [stack: 0x000000d986000000,0x000000d986100000] [id=21660]
  0x0000029c8f2aa000 WatcherThread [stack: 0x000000d986a00000,0x000000d986b00000] [id=21360]
  0x0000029cf3743800 GCTaskThread "GC Thread#0" [stack: 0x000000d985b00000,0x000000d985c00000] [id=6552]
  0x0000029c8fc64000 GCTaskThread "GC Thread#1" [stack: 0x000000d986b00000,0x000000d986c00000] [id=18356]
  0x0000029c8f4fa000 GCTaskThread "GC Thread#2" [stack: 0x000000d987600000,0x000000d987700000] [id=2560]
  0x0000029c8f501800 GCTaskThread "GC Thread#3" [stack: 0x000000d987700000,0x000000d987800000] [id=5924]
  0x0000029c8f4c7800 GCTaskThread "GC Thread#4" [stack: 0x000000d987800000,0x000000d987900000] [id=12096]
  0x0000029c90234800 GCTaskThread "GC Thread#5" [stack: 0x000000d987900000,0x000000d987a00000] [id=8612]
  0x0000029c8f4cb800 GCTaskThread "GC Thread#6" [stack: 0x000000d987a00000,0x000000d987b00000] [id=14196]
  0x0000029c8f4cc000 GCTaskThread "GC Thread#7" [stack: 0x000000d987b00000,0x000000d987c00000] [id=12248]
  0x0000029c8f421000 GCTaskThread "GC Thread#8" [stack: 0x000000d987c00000,0x000000d987d00000] [id=4832]
  0x0000029c8f421800 GCTaskThread "GC Thread#9" [stack: 0x000000d987d00000,0x000000d987e00000] [id=10804]
  0x0000029cf3775800 ConcurrentGCThread "G1 Main Marker" [stack: 0x000000d985c00000,0x000000d985d00000] [id=4828]
  0x0000029cf3776800 ConcurrentGCThread "G1 Conc#0" [stack: 0x000000d985d00000,0x000000d985e00000] [id=13212]
  0x0000029c8feb2000 ConcurrentGCThread "G1 Conc#1" [stack: 0x000000d988000000,0x000000d988100000] [id=17748]
  0x0000029c9020c000 ConcurrentGCThread "G1 Conc#2" [stack: 0x000000d988100000,0x000000d988200000] [id=21568]
  0x0000029cf380d800 ConcurrentGCThread "G1 Refine#0" [stack: 0x000000d985e00000,0x000000d985f00000] [id=9128]
  0x0000029cf380e800 ConcurrentGCThread "G1 Young RemSet Sampling" [stack: 0x000000d985f00000,0x000000d986000000] [id=21012]

Threads with active compile tasks:
C2 CompilerThread0  25299 6167       4       java.util.regex.Pattern::compile (498 bytes)

VM state:not at safepoint (normal execution)

VM Mutex/Monitor currently owned by a thread: None

Heap address: 0x0000000080000000, size: 2048 MB, Compressed Oops mode: 32-bit
Narrow klass base: 0x0000000000000000, Narrow klass shift: 3
Compressed class space size: 1073741824 Address: 0x0000000100000000

Heap:
 garbage-first heap   total 122880K, used 81048K [0x0000000080000000, 0x0000000100000000)
  region size 1024K, 33 young (33792K), 5 survivors (5120K)
 Metaspace       used 64544K, capacity 66032K, committed 66124K, reserved 1105920K
  class space    used 8184K, capacity 8746K, committed 8780K, reserved 1048576K
Heap Regions: E=young(eden), S=young(survivor), O=old, HS=humongous(starts), HC=humongous(continues), CS=collection set, F=free, A=archive, TAMS=top-at-mark-start (previous, next)
|   0|0x0000000080000000, 0x0000000080100000, 0x0000000080100000|100%| O|  |TAMS 0x0000000080100000, 0x0000000080000000| Untracked 
|   1|0x0000000080100000, 0x0000000080200000, 0x0000000080200000|100%| O|  |TAMS 0x0000000080200000, 0x0000000080100000| Untracked 
|   2|0x0000000080200000, 0x0000000080300000, 0x0000000080300000|100%| O|  |TAMS 0x0000000080300000, 0x0000000080200000| Untracked 
|   3|0x0000000080300000, 0x0000000080400000, 0x0000000080400000|100%|HS|  |TAMS 0x0000000080400000, 0x0000000080300000| Complete 
|   4|0x0000000080400000, 0x0000000080500000, 0x0000000080500000|100%|HC|  |TAMS 0x0000000080500000, 0x0000000080400000| Complete 
|   5|0x0000000080500000, 0x0000000080600000, 0x0000000080600000|100%|HC|  |TAMS 0x0000000080600000, 0x0000000080500000| Complete 
|   6|0x0000000080600000, 0x0000000080700000, 0x0000000080700000|100%| O|  |TAMS 0x0000000080700000, 0x0000000080600000| Untracked 
|   7|0x0000000080700000, 0x0000000080800000, 0x0000000080800000|100%| O|  |TAMS 0x0000000080800000, 0x0000000080700000| Untracked 
|   8|0x0000000080800000, 0x0000000080900000, 0x0000000080900000|100%| O|  |TAMS 0x0000000080900000, 0x0000000080800000| Untracked 
|   9|0x0000000080900000, 0x0000000080a00000, 0x0000000080a00000|100%| O|  |TAMS 0x0000000080a00000, 0x0000000080900000| Untracked 
|  10|0x0000000080a00000, 0x0000000080b00000, 0x0000000080b00000|100%| O|  |TAMS 0x0000000080b00000, 0x0000000080a00000| Untracked 
|  11|0x0000000080b00000, 0x0000000080c00000, 0x0000000080c00000|100%| O|  |TAMS 0x0000000080c00000, 0x0000000080b00000| Untracked 
|  12|0x0000000080c00000, 0x0000000080d00000, 0x0000000080d00000|100%| O|  |TAMS 0x0000000080d00000, 0x0000000080c00000| Untracked 
|  13|0x0000000080d00000, 0x0000000080e00000, 0x0000000080e00000|100%| O|  |TAMS 0x0000000080e00000, 0x0000000080d00000| Untracked 
|  14|0x0000000080e00000, 0x0000000080f00000, 0x0000000080f00000|100%| O|  |TAMS 0x0000000080f00000, 0x0000000080e00000| Untracked 
|  15|0x0000000080f00000, 0x0000000081000000, 0x0000000081000000|100%| O|  |TAMS 0x0000000081000000, 0x0000000080f00000| Untracked 
|  16|0x0000000081000000, 0x0000000081100000, 0x0000000081100000|100%| O|  |TAMS 0x0000000081100000, 0x0000000081000000| Untracked 
|  17|0x0000000081100000, 0x0000000081200000, 0x0000000081200000|100%| O|  |TAMS 0x0000000081200000, 0x0000000081100000| Untracked 
|  18|0x0000000081200000, 0x0000000081300000, 0x0000000081300000|100%| O|  |TAMS 0x0000000081300000, 0x0000000081200000| Untracked 
|  19|0x0000000081300000, 0x0000000081400000, 0x0000000081400000|100%| O|  |TAMS 0x0000000081400000, 0x0000000081300000| Untracked 
|  20|0x0000000081400000, 0x0000000081500000, 0x0000000081500000|100%| O|  |TAMS 0x0000000081500000, 0x0000000081400000| Untracked 
|  21|0x0000000081500000, 0x0000000081600000, 0x0000000081600000|100%| O|  |TAMS 0x0000000081600000, 0x0000000081500000| Untracked 
|  22|0x0000000081600000, 0x0000000081700000, 0x0000000081700000|100%| O|  |TAMS 0x0000000081700000, 0x0000000081600000| Untracked 
|  23|0x0000000081700000, 0x0000000081800000, 0x0000000081800000|100%| O|  |TAMS 0x0000000081800000, 0x0000000081700000| Untracked 
|  24|0x0000000081800000, 0x0000000081900000, 0x0000000081900000|100%| O|  |TAMS 0x0000000081900000, 0x0000000081800000| Untracked 
|  25|0x0000000081900000, 0x0000000081a00000, 0x0000000081a00000|100%| O|  |TAMS 0x0000000081a00000, 0x0000000081900000| Untracked 
|  26|0x0000000081a00000, 0x0000000081b00000, 0x0000000081b00000|100%|HS|  |TAMS 0x0000000081b00000, 0x0000000081a00000| Complete 
|  27|0x0000000081b00000, 0x0000000081c00000, 0x0000000081c00000|100%|HS|  |TAMS 0x0000000081c00000, 0x0000000081b00000| Complete 
|  28|0x0000000081c00000, 0x0000000081d00000, 0x0000000081d00000|100%|HS|  |TAMS 0x0000000081d00000, 0x0000000081c00000| Complete 
|  29|0x0000000081d00000, 0x0000000081e00000, 0x0000000081e00000|100%|HS|  |TAMS 0x0000000081e00000, 0x0000000081d00000| Complete 
|  30|0x0000000081e00000, 0x0000000081f00000, 0x0000000081f00000|100%|HC|  |TAMS 0x0000000081f00000, 0x0000000081e00000| Complete 
|  31|0x0000000081f00000, 0x0000000082000000, 0x0000000082000000|100%|HC|  |TAMS 0x0000000082000000, 0x0000000081f00000| Complete 
|  32|0x0000000082000000, 0x0000000082100000, 0x0000000082100000|100%|HS|  |TAMS 0x0000000082100000, 0x0000000082000000| Complete 
|  33|0x0000000082100000, 0x0000000082200000, 0x0000000082200000|100%|HC|  |TAMS 0x0000000082200000, 0x0000000082100000| Complete 
|  34|0x0000000082200000, 0x0000000082300000, 0x0000000082300000|100%| O|  |TAMS 0x0000000082300000, 0x0000000082200000| Untracked 
|  35|0x0000000082300000, 0x0000000082400000, 0x0000000082400000|100%| O|  |TAMS 0x0000000082400000, 0x0000000082300000| Untracked 
|  36|0x0000000082400000, 0x0000000082500000, 0x0000000082500000|100%| O|  |TAMS 0x0000000082500000, 0x0000000082400000| Untracked 
|  37|0x0000000082500000, 0x0000000082600000, 0x0000000082600000|100%| O|  |TAMS 0x0000000082600000, 0x0000000082500000| Untracked 
|  38|0x0000000082600000, 0x0000000082700000, 0x0000000082700000|100%| O|  |TAMS 0x0000000082700000, 0x0000000082600000| Untracked 
|  39|0x0000000082700000, 0x0000000082800000, 0x0000000082800000|100%| O|  |TAMS 0x0000000082800000, 0x0000000082700000| Untracked 
|  40|0x0000000082800000, 0x0000000082900000, 0x0000000082900000|100%| O|  |TAMS 0x0000000082900000, 0x0000000082800000| Untracked 
|  41|0x0000000082900000, 0x0000000082a00000, 0x0000000082a00000|100%| O|  |TAMS 0x0000000082a00000, 0x0000000082900000| Untracked 
|  42|0x0000000082a00000, 0x0000000082b00000, 0x0000000082b00000|100%| O|  |TAMS 0x0000000082b00000, 0x0000000082a00000| Untracked 
|  43|0x0000000082b00000, 0x0000000082c00000, 0x0000000082c00000|100%| O|  |TAMS 0x0000000082c00000, 0x0000000082b00000| Untracked 
|  44|0x0000000082c00000, 0x0000000082d00000, 0x0000000082d00000|100%| O|  |TAMS 0x0000000082d00000, 0x0000000082c00000| Untracked 
|  45|0x0000000082d00000, 0x0000000082e00000, 0x0000000082e00000|100%| O|  |TAMS 0x0000000082e00000, 0x0000000082d00000| Untracked 
|  46|0x0000000082e00000, 0x0000000082f00000, 0x0000000082f00000|100%| O|  |TAMS 0x0000000082e71200, 0x0000000082e00000| Untracked 
|  47|0x0000000082f00000, 0x0000000082fe1600, 0x0000000083000000| 88%| O|  |TAMS 0x0000000082f00000, 0x0000000082f00000| Untracked 
|  48|0x0000000083000000, 0x0000000083100000, 0x0000000083100000|100%|HS|  |TAMS 0x0000000083000000, 0x0000000083000000| Complete 
|  49|0x0000000083100000, 0x0000000083100000, 0x0000000083200000|  0%| F|  |TAMS 0x0000000083100000, 0x0000000083100000| Untracked 
|  50|0x0000000083200000, 0x0000000083200000, 0x0000000083300000|  0%| F|  |TAMS 0x0000000083200000, 0x0000000083200000| Untracked 
|  51|0x0000000083300000, 0x0000000083300000, 0x0000000083400000|  0%| F|  |TAMS 0x0000000083300000, 0x0000000083300000| Untracked 
|  52|0x0000000083400000, 0x0000000083400000, 0x0000000083500000|  0%| F|  |TAMS 0x0000000083400000, 0x0000000083400000| Untracked 
|  53|0x0000000083500000, 0x0000000083500000, 0x0000000083600000|  0%| F|  |TAMS 0x0000000083500000, 0x0000000083500000| Untracked 
|  54|0x0000000083600000, 0x0000000083600000, 0x0000000083700000|  0%| F|  |TAMS 0x0000000083600000, 0x0000000083600000| Untracked 
|  55|0x0000000083700000, 0x0000000083700000, 0x0000000083800000|  0%| F|  |TAMS 0x0000000083700000, 0x0000000083700000| Untracked 
|  56|0x0000000083800000, 0x0000000083800000, 0x0000000083900000|  0%| F|  |TAMS 0x0000000083800000, 0x0000000083800000| Untracked 
|  57|0x0000000083900000, 0x0000000083900000, 0x0000000083a00000|  0%| F|  |TAMS 0x0000000083900000, 0x0000000083900000| Untracked 
|  58|0x0000000083a00000, 0x0000000083a00000, 0x0000000083b00000|  0%| F|  |TAMS 0x0000000083a00000, 0x0000000083a00000| Untracked 
|  59|0x0000000083b00000, 0x0000000083b00000, 0x0000000083c00000|  0%| F|  |TAMS 0x0000000083b00000, 0x0000000083b00000| Untracked 
|  60|0x0000000083c00000, 0x0000000083c00000, 0x0000000083d00000|  0%| F|  |TAMS 0x0000000083c00000, 0x0000000083c00000| Untracked 
|  61|0x0000000083d00000, 0x0000000083d00000, 0x0000000083e00000|  0%| F|  |TAMS 0x0000000083d00000, 0x0000000083d00000| Untracked 
|  62|0x0000000083e00000, 0x0000000083e00000, 0x0000000083f00000|  0%| F|  |TAMS 0x0000000083e00000, 0x0000000083e00000| Untracked 
|  63|0x0000000083f00000, 0x0000000083f00000, 0x0000000084000000|  0%| F|  |TAMS 0x0000000083f00000, 0x0000000083f00000| Untracked 
|  64|0x0000000084000000, 0x0000000084000000, 0x0000000084100000|  0%| F|  |TAMS 0x0000000084000000, 0x0000000084000000| Untracked 
|  65|0x0000000084100000, 0x0000000084100000, 0x0000000084200000|  0%| F|  |TAMS 0x0000000084100000, 0x0000000084100000| Untracked 
|  66|0x0000000084200000, 0x0000000084200000, 0x0000000084300000|  0%| F|  |TAMS 0x0000000084200000, 0x0000000084200000| Untracked 
|  67|0x0000000084300000, 0x0000000084300000, 0x0000000084400000|  0%| F|  |TAMS 0x0000000084300000, 0x0000000084300000| Untracked 
|  68|0x0000000084400000, 0x0000000084400000, 0x0000000084500000|  0%| F|  |TAMS 0x0000000084400000, 0x0000000084400000| Untracked 
|  69|0x0000000084500000, 0x0000000084500000, 0x0000000084600000|  0%| F|  |TAMS 0x0000000084500000, 0x0000000084500000| Untracked 
|  70|0x0000000084600000, 0x0000000084600000, 0x0000000084700000|  0%| F|  |TAMS 0x0000000084600000, 0x0000000084600000| Untracked 
|  71|0x0000000084700000, 0x0000000084700000, 0x0000000084800000|  0%| F|  |TAMS 0x0000000084700000, 0x0000000084700000| Untracked 
|  72|0x0000000084800000, 0x0000000084800000, 0x0000000084900000|  0%| F|  |TAMS 0x0000000084800000, 0x0000000084800000| Untracked 
|  73|0x0000000084900000, 0x0000000084900000, 0x0000000084a00000|  0%| F|  |TAMS 0x0000000084900000, 0x0000000084900000| Untracked 
|  74|0x0000000084a00000, 0x0000000084a00000, 0x0000000084b00000|  0%| F|  |TAMS 0x0000000084a00000, 0x0000000084a00000| Untracked 
|  75|0x0000000084b00000, 0x0000000084b00000, 0x0000000084c00000|  0%| F|  |TAMS 0x0000000084b00000, 0x0000000084b00000| Untracked 
|  76|0x0000000084c00000, 0x0000000084c00000, 0x0000000084d00000|  0%| F|  |TAMS 0x0000000084c00000, 0x0000000084c00000| Untracked 
|  77|0x0000000084d00000, 0x0000000084d44df0, 0x0000000084e00000| 26%| S|CS|TAMS 0x0000000084d00000, 0x0000000084d00000| Complete 
|  78|0x0000000084e00000, 0x0000000084f00000, 0x0000000084f00000|100%| S|CS|TAMS 0x0000000084e00000, 0x0000000084e00000| Complete 
|  79|0x0000000084f00000, 0x0000000085000000, 0x0000000085000000|100%| S|CS|TAMS 0x0000000084f00000, 0x0000000084f00000| Complete 
|  80|0x0000000085000000, 0x0000000085100000, 0x0000000085100000|100%| S|CS|TAMS 0x0000000085000000, 0x0000000085000000| Complete 
|  81|0x0000000085100000, 0x0000000085200000, 0x0000000085200000|100%| S|CS|TAMS 0x0000000085100000, 0x0000000085100000| Complete 
|  82|0x0000000085200000, 0x0000000085200000, 0x0000000085300000|  0%| F|  |TAMS 0x0000000085200000, 0x0000000085200000| Untracked 
|  83|0x0000000085300000, 0x0000000085300000, 0x0000000085400000|  0%| F|  |TAMS 0x0000000085300000, 0x0000000085300000| Untracked 
|  84|0x0000000085400000, 0x0000000085400000, 0x0000000085500000|  0%| F|  |TAMS 0x0000000085400000, 0x0000000085400000| Untracked 
|  85|0x0000000085500000, 0x0000000085500000, 0x0000000085600000|  0%| F|  |TAMS 0x0000000085500000, 0x0000000085500000| Untracked 
|  86|0x0000000085600000, 0x0000000085600000, 0x0000000085700000|  0%| F|  |TAMS 0x0000000085600000, 0x0000000085600000| Untracked 
|  87|0x0000000085700000, 0x0000000085700000, 0x0000000085800000|  0%| F|  |TAMS 0x0000000085700000, 0x0000000085700000| Untracked 
|  88|0x0000000085800000, 0x0000000085800000, 0x0000000085900000|  0%| F|  |TAMS 0x0000000085800000, 0x0000000085800000| Untracked 
|  89|0x0000000085900000, 0x0000000085900000, 0x0000000085a00000|  0%| F|  |TAMS 0x0000000085900000, 0x0000000085900000| Untracked 
|  90|0x0000000085a00000, 0x0000000085a00000, 0x0000000085b00000|  0%| F|  |TAMS 0x0000000085a00000, 0x0000000085a00000| Untracked 
|  91|0x0000000085b00000, 0x0000000085b00000, 0x0000000085c00000|  0%| F|  |TAMS 0x0000000085b00000, 0x0000000085b00000| Untracked 
|  92|0x0000000085c00000, 0x0000000085c80c10, 0x0000000085d00000| 50%| E|  |TAMS 0x0000000085c00000, 0x0000000085c00000| Complete 
|  93|0x0000000085d00000, 0x0000000085e00000, 0x0000000085e00000|100%| E|CS|TAMS 0x0000000085d00000, 0x0000000085d00000| Complete 
|  94|0x0000000085e00000, 0x0000000085f00000, 0x0000000085f00000|100%| E|CS|TAMS 0x0000000085e00000, 0x0000000085e00000| Complete 
|  95|0x0000000085f00000, 0x0000000086000000, 0x0000000086000000|100%| E|CS|TAMS 0x0000000085f00000, 0x0000000085f00000| Complete 
|  96|0x0000000086000000, 0x0000000086100000, 0x0000000086100000|100%| E|CS|TAMS 0x0000000086000000, 0x0000000086000000| Complete 
|  97|0x0000000086100000, 0x0000000086200000, 0x0000000086200000|100%| E|CS|TAMS 0x0000000086100000, 0x0000000086100000| Complete 
|  98|0x0000000086200000, 0x0000000086300000, 0x0000000086300000|100%| E|CS|TAMS 0x0000000086200000, 0x0000000086200000| Complete 
|  99|0x0000000086300000, 0x0000000086400000, 0x0000000086400000|100%| E|CS|TAMS 0x0000000086300000, 0x0000000086300000| Complete 
| 100|0x0000000086400000, 0x0000000086500000, 0x0000000086500000|100%| E|CS|TAMS 0x0000000086400000, 0x0000000086400000| Complete 
| 101|0x0000000086500000, 0x0000000086600000, 0x0000000086600000|100%| E|CS|TAMS 0x0000000086500000, 0x0000000086500000| Complete 
| 102|0x0000000086600000, 0x0000000086700000, 0x0000000086700000|100%| E|CS|TAMS 0x0000000086600000, 0x0000000086600000| Complete 
| 103|0x0000000086700000, 0x0000000086800000, 0x0000000086800000|100%| E|CS|TAMS 0x0000000086700000, 0x0000000086700000| Complete 
| 104|0x0000000086800000, 0x0000000086900000, 0x0000000086900000|100%| E|CS|TAMS 0x0000000086800000, 0x0000000086800000| Complete 
| 105|0x0000000086900000, 0x0000000086a00000, 0x0000000086a00000|100%| E|CS|TAMS 0x0000000086900000, 0x0000000086900000| Complete 
| 106|0x0000000086a00000, 0x0000000086b00000, 0x0000000086b00000|100%| E|CS|TAMS 0x0000000086a00000, 0x0000000086a00000| Complete 
| 107|0x0000000086b00000, 0x0000000086c00000, 0x0000000086c00000|100%| E|CS|TAMS 0x0000000086b00000, 0x0000000086b00000| Complete 
| 108|0x0000000086c00000, 0x0000000086d00000, 0x0000000086d00000|100%| E|CS|TAMS 0x0000000086c00000, 0x0000000086c00000| Complete 
| 109|0x0000000086d00000, 0x0000000086e00000, 0x0000000086e00000|100%| E|CS|TAMS 0x0000000086d00000, 0x0000000086d00000| Complete 
| 110|0x0000000086e00000, 0x0000000086f00000, 0x0000000086f00000|100%| E|CS|TAMS 0x0000000086e00000, 0x0000000086e00000| Complete 
| 111|0x0000000086f00000, 0x0000000087000000, 0x0000000087000000|100%| E|CS|TAMS 0x0000000086f00000, 0x0000000086f00000| Complete 
| 112|0x0000000087000000, 0x0000000087100000, 0x0000000087100000|100%| E|CS|TAMS 0x0000000087000000, 0x0000000087000000| Complete 
| 113|0x0000000087100000, 0x0000000087200000, 0x0000000087200000|100%| E|  |TAMS 0x0000000087100000, 0x0000000087100000| Complete 
| 114|0x0000000087200000, 0x0000000087300000, 0x0000000087300000|100%| E|CS|TAMS 0x0000000087200000, 0x0000000087200000| Complete 
| 115|0x0000000087300000, 0x0000000087400000, 0x0000000087400000|100%| E|CS|TAMS 0x0000000087300000, 0x0000000087300000| Complete 
| 116|0x0000000087400000, 0x0000000087500000, 0x0000000087500000|100%| E|CS|TAMS 0x0000000087400000, 0x0000000087400000| Complete 
| 117|0x0000000087500000, 0x0000000087600000, 0x0000000087600000|100%| E|CS|TAMS 0x0000000087500000, 0x0000000087500000| Complete 
| 118|0x0000000087600000, 0x0000000087700000, 0x0000000087700000|100%| E|CS|TAMS 0x0000000087600000, 0x0000000087600000| Complete 
| 119|0x0000000087700000, 0x0000000087800000, 0x0000000087800000|100%| E|CS|TAMS 0x0000000087700000, 0x0000000087700000| Complete 

Card table byte_map: [0x0000029cf82a0000,0x0000029cf86a0000] _byte_map_base: 0x0000029cf7ea0000

Marking Bits (Prev, Next): (CMBitMap*) 0x0000029cf376ce70, (CMBitMap*) 0x0000029cf376ce38
 Prev Bits: [0x0000029cfaaa0000, 0x0000029cfcaa0000)
 Next Bits: [0x0000029cf8aa0000, 0x0000029cfaaa0000)

Polling page: 0x0000029cf1e90000

Metaspace:

Usage:
  Non-class:     55.94 MB capacity,    55.05 MB ( 98%) used,   752.46 KB (  1%) free+waste,   163.00 KB ( <1%) overhead. 
      Class:      8.54 MB capacity,     7.99 MB ( 94%) used,   483.66 KB (  6%) free+waste,    76.31 KB ( <1%) overhead. 
       Both:     64.48 MB capacity,    63.04 MB ( 98%) used,     1.21 MB (  2%) free+waste,   239.31 KB ( <1%) overhead. 

Virtual space:
  Non-class space:       56.00 MB reserved,      56.00 MB (100%) committed 
      Class space:        1.00 GB reserved,       8.57 MB ( <1%) committed 
             Both:        1.05 GB reserved,      64.57 MB (  6%) committed 

Chunk freelists:
   Non-Class:  58.00 KB
       Class:  22.00 KB
        Both:  80.00 KB

MaxMetaspaceSize: 17179869184.00 GB
CompressedClassSpaceSize: 1.00 GB

CodeHeap 'non-profiled nmethods': size=120000Kb used=2774Kb max_used=2774Kb free=117225Kb
 bounds [0x0000029c87ad0000, 0x0000029c87d90000, 0x0000029c8f000000]
CodeHeap 'profiled nmethods': size=120000Kb used=12794Kb max_used=12794Kb free=107205Kb
 bounds [0x0000029c805a0000, 0x0000029c81220000, 0x0000029c87ad0000]
CodeHeap 'non-nmethods': size=5760Kb used=2260Kb max_used=2283Kb free=3499Kb
 bounds [0x0000029c80000000, 0x0000029c80270000, 0x0000029c805a0000]
 total_blobs=7015 nmethods=6162 adapters=764
 compilation: enabled
              stopped_count=0, restarted_count=0
 full_count=0

Compilation events (20 events):
Event: 25.216 Thread 0x0000029c8f163000 6265       2       java.lang.StringBuilder::append (10 bytes)
Event: 25.216 Thread 0x0000029c8f163000 nmethod 6265 0x0000029c81218710 code [0x0000029c812188c0, 0x0000029c812189e8]
Event: 25.228 Thread 0x0000029c8f163000 6266       2       org.objectweb.asm.SymbolTable::hash (12 bytes)
Event: 25.228 Thread 0x0000029c8f163000 nmethod 6266 0x0000029c81218a90 code [0x0000029c81218c40, 0x0000029c81218d48]
Event: 25.228 Thread 0x0000029c8f163000 6267       2       org.objectweb.asm.SymbolTable$Entry::<init> (18 bytes)
Event: 25.229 Thread 0x0000029c8f163000 nmethod 6267 0x0000029c81218e10 code [0x0000029c81218fc0, 0x0000029c81219108]
Event: 25.232 Thread 0x0000029c8f163000 6268       2       javax.management.ObjectName::setCanonicalName (251 bytes)
Event: 25.233 Thread 0x0000029c8f163000 nmethod 6268 0x0000029c81219210 code [0x0000029c81219480, 0x0000029c8121a058]
Event: 25.244 Thread 0x0000029c8f163000 6269       2       jdk.internal.loader.AbstractClassLoaderValue::extractValue (17 bytes)
Event: 25.245 Thread 0x0000029c8f163000 nmethod 6269 0x0000029c8121a690 code [0x0000029c8121a840, 0x0000029c8121a9e8]
Event: 25.247 Thread 0x0000029c8f163000 6270   !   2       org.gradle.internal.instantiation.generator.AsmBackedClassGenerator$ClassBuilderImpl::getAnnotationParameterValue (16 bytes)
Event: 25.247 Thread 0x0000029c8f163000 nmethod 6270 0x0000029c8121ab10 code [0x0000029c8121ad00, 0x0000029c8121b008]
Event: 25.247 Thread 0x0000029c8f163000 6271       2       org.objectweb.asm.SymbolTable::addUninitializedType (103 bytes)
Event: 25.248 Thread 0x0000029c8f163000 nmethod 6271 0x0000029c8121b290 code [0x0000029c8121b480, 0x0000029c8121b818]
Event: 25.250 Thread 0x0000029c8f163000 6272  s    2       java.io.BufferedInputStream::read (113 bytes)
Event: 25.250 Thread 0x0000029c8f163000 nmethod 6272 0x0000029c8121bb10 code [0x0000029c8121bd20, 0x0000029c8121c398]
Event: 25.253 Thread 0x0000029c8f163000 6273       2       org.gradle.api.Namer$Comparator::compare (24 bytes)
Event: 25.253 Thread 0x0000029c8f163000 nmethod 6273 0x0000029c8121c590 code [0x0000029c8121c760, 0x0000029c8121c8e8]
Event: 25.254 Thread 0x0000029c8f163000 6274       2       java.lang.Class::searchFields (43 bytes)
Event: 25.254 Thread 0x0000029c8f163000 nmethod 6274 0x0000029c8121ca10 code [0x0000029c8121cbe0, 0x0000029c8121cda8]

GC Heap History (20 events):
Event: 7.533 GC heap before
{Heap before GC invocations=4 (full 0):
 garbage-first heap   total 122880K, used 64135K [0x0000000080000000, 0x0000000100000000)
  region size 1024K, 48 young (49152K), 2 survivors (2048K)
 Metaspace       used 25361K, capacity 26030K, committed 26112K, reserved 1071104K
  class space    used 3304K, capacity 3534K, committed 3584K, reserved 1048576K
}
Event: 7.537 GC heap after
{Heap after GC invocations=5 (full 0):
 garbage-first heap   total 122880K, used 18531K [0x0000000080000000, 0x0000000100000000)
  region size 1024K, 3 young (3072K), 3 survivors (3072K)
 Metaspace       used 25361K, capacity 26030K, committed 26112K, reserved 1071104K
  class space    used 3304K, capacity 3534K, committed 3584K, reserved 1048576K
}
Event: 8.592 GC heap before
{Heap before GC invocations=5 (full 0):
 garbage-first heap   total 122880K, used 72803K [0x0000000080000000, 0x0000000100000000)
  region size 1024K, 56 young (57344K), 3 survivors (3072K)
 Metaspace       used 31529K, capacity 32292K, committed 32384K, reserved 1077248K
  class space    used 4174K, capacity 4409K, committed 4480K, reserved 1048576K
}
Event: 8.596 GC heap after
{Heap after GC invocations=6 (full 0):
 garbage-first heap   total 122880K, used 20713K [0x0000000080000000, 0x0000000100000000)
  region size 1024K, 5 young (5120K), 5 survivors (5120K)
 Metaspace       used 31529K, capacity 32292K, committed 32384K, reserved 1077248K
  class space    used 4174K, capacity 4409K, committed 4480K, reserved 1048576K
}
Event: 8.866 GC heap before
{Heap before GC invocations=6 (full 0):
 garbage-first heap   total 122880K, used 29929K [0x0000000080000000, 0x0000000100000000)
  region size 1024K, 15 young (15360K), 5 survivors (5120K)
 Metaspace       used 35045K, capacity 35822K, committed 35840K, reserved 1081344K
  class space    used 4541K, capacity 4864K, committed 4864K, reserved 1048576K
}
Event: 8.873 GC heap after
{Heap after GC invocations=7 (full 0):
 garbage-first heap   total 122880K, used 22343K [0x0000000080000000, 0x0000000100000000)
  region size 1024K, 6 young (6144K), 6 survivors (6144K)
 Metaspace       used 35045K, capacity 35822K, committed 35840K, reserved 1081344K
  class space    used 4541K, capacity 4864K, committed 4864K, reserved 1048576K
}
Event: 9.685 GC heap before
{Heap before GC invocations=8 (full 0):
 garbage-first heap   total 122880K, used 73543K [0x0000000080000000, 0x0000000100000000)
  region size 1024K, 54 young (55296K), 6 survivors (6144K)
 Metaspace       used 38674K, capacity 39623K, committed 39884K, reserved 1083392K
  class space    used 4928K, capacity 5251K, committed 5324K, reserved 1048576K
}
Event: 9.696 GC heap after
{Heap after GC invocations=9 (full 0):
 garbage-first heap   total 122880K, used 26067K [0x0000000080000000, 0x0000000100000000)
  region size 1024K, 7 young (7168K), 7 survivors (7168K)
 Metaspace       used 38674K, capacity 39623K, committed 39884K, reserved 1083392K
  class space    used 4928K, capacity 5251K, committed 5324K, reserved 1048576K
}
Event: 10.654 GC heap before
{Heap before GC invocations=9 (full 0):
 garbage-first heap   total 122880K, used 78291K [0x0000000080000000, 0x0000000100000000)
  region size 1024K, 57 young (58368K), 7 survivors (7168K)
 Metaspace       used 43337K, capacity 44387K, committed 44620K, reserved 1087488K
  class space    used 5531K, capacity 5896K, committed 5964K, reserved 1048576K
}
Event: 10.661 GC heap after
{Heap after GC invocations=10 (full 0):
 garbage-first heap   total 122880K, used 28569K [0x0000000080000000, 0x0000000100000000)
  region size 1024K, 6 young (6144K), 6 survivors (6144K)
 Metaspace       used 43337K, capacity 44387K, committed 44620K, reserved 1087488K
  class space    used 5531K, capacity 5896K, committed 5964K, reserved 1048576K
}
Event: 12.949 GC heap before
{Heap before GC invocations=10 (full 0):
 garbage-first heap   total 122880K, used 80793K [0x0000000080000000, 0x0000000100000000)
  region size 1024K, 57 young (58368K), 6 survivors (6144K)
 Metaspace       used 46742K, capacity 48000K, committed 48204K, reserved 1091584K
  class space    used 5986K, capacity 6438K, committed 6476K, reserved 1048576K
}
Event: 12.959 GC heap after
{Heap after GC invocations=11 (full 0):
 garbage-first heap   total 122880K, used 31236K [0x0000000080000000, 0x0000000100000000)
  region size 1024K, 5 young (5120K), 5 survivors (5120K)
 Metaspace       used 46742K, capacity 48000K, committed 48204K, reserved 1091584K
  class space    used 5986K, capacity 6438K, committed 6476K, reserved 1048576K
}
Event: 22.914 GC heap before
{Heap before GC invocations=11 (full 0):
 garbage-first heap   total 122880K, used 91652K [0x0000000080000000, 0x0000000100000000)
  region size 1024K, 57 young (58368K), 5 survivors (5120K)
 Metaspace       used 50482K, capacity 51807K, committed 52044K, reserved 1093632K
  class space    used 6435K, capacity 6920K, committed 6988K, reserved 1048576K
}
Event: 22.923 GC heap after
{Heap after GC invocations=12 (full 0):
 garbage-first heap   total 122880K, used 47436K [0x0000000080000000, 0x0000000100000000)
  region size 1024K, 8 young (8192K), 8 survivors (8192K)
 Metaspace       used 50482K, capacity 51807K, committed 52044K, reserved 1093632K
  class space    used 6435K, capacity 6920K, committed 6988K, reserved 1048576K
}
Event: 23.834 GC heap before
{Heap before GC invocations=12 (full 0):
 garbage-first heap   total 122880K, used 90444K [0x0000000080000000, 0x0000000100000000)
  region size 1024K, 50 young (51200K), 8 survivors (8192K)
 Metaspace       used 56602K, capacity 57992K, committed 58188K, reserved 1099776K
  class space    used 7188K, capacity 7720K, committed 7756K, reserved 1048576K
}
Event: 23.842 GC heap after
{Heap after GC invocations=13 (full 0):
 garbage-first heap   total 122880K, used 49464K [0x0000000080000000, 0x0000000100000000)
  region size 1024K, 2 young (2048K), 2 survivors (2048K)
 Metaspace       used 56602K, capacity 57992K, committed 58188K, reserved 1099776K
  class space    used 7188K, capacity 7720K, committed 7756K, reserved 1048576K
}
Event: 24.135 GC heap before
{Heap before GC invocations=13 (full 0):
 garbage-first heap   total 122880K, used 58680K [0x0000000080000000, 0x0000000100000000)
  region size 1024K, 12 young (12288K), 2 survivors (2048K)
 Metaspace       used 58688K, capacity 60215K, committed 60236K, reserved 1101824K
  class space    used 7439K, capacity 7992K, committed 8012K, reserved 1048576K
}
Event: 24.140 GC heap after
{Heap after GC invocations=14 (full 0):
 garbage-first heap   total 122880K, used 50420K [0x0000000080000000, 0x0000000100000000)
  region size 1024K, 3 young (3072K), 3 survivors (3072K)
 Metaspace       used 58688K, capacity 60215K, committed 60236K, reserved 1101824K
  class space    used 7439K, capacity 7992K, committed 8012K, reserved 1048576K
}
Event: 24.785 GC heap before
{Heap before GC invocations=15 (full 0):
 garbage-first heap   total 122880K, used 85236K [0x0000000080000000, 0x0000000100000000)
  region size 1024K, 38 young (38912K), 3 survivors (3072K)
 Metaspace       used 61858K, capacity 63325K, committed 63436K, reserved 1103872K
  class space    used 7823K, capacity 8360K, committed 8396K, reserved 1048576K
}
Event: 24.790 GC heap after
{Heap after GC invocations=16 (full 0):
 garbage-first heap   total 122880K, used 53400K [0x0000000080000000, 0x0000000100000000)
  region size 1024K, 5 young (5120K), 5 survivors (5120K)
 Metaspace       used 61858K, capacity 63325K, committed 63436K, reserved 1103872K
  class space    used 7823K, capacity 8360K, committed 8396K, reserved 1048576K
}

Deoptimization events (20 events):
Event: 24.987 Thread 0x0000029c8f97d000 DEOPT PACKING pc=0x0000029c87bc2f10 sp=0x000000d9872f6cf0
Event: 24.987 Thread 0x0000029c8f97d000 DEOPT UNPACKING pc=0x0000029c800278af sp=0x000000d9872f6bd8 mode 2
Event: 24.987 Thread 0x0000029c8f97d000 Uncommon trap: trap_request=0xffffff4d fr.pc=0x0000029c87b62cc0 relative=0x0000000000000400
Event: 24.987 Thread 0x0000029c8f97d000 Uncommon trap: reason=unstable_if action=reinterpret pc=0x0000029c87b62cc0 method=java.lang.StringBuilder.toString()Ljava/lang/String; @ 4 c2
Event: 24.987 Thread 0x0000029c8f97d000 DEOPT PACKING pc=0x0000029c87b62cc0 sp=0x000000d9872f6d90
Event: 24.987 Thread 0x0000029c8f97d000 DEOPT UNPACKING pc=0x0000029c800278af sp=0x000000d9872f6d70 mode 2
Event: 25.006 Thread 0x0000029c8f97d000 DEOPT PACKING pc=0x0000029c8095859c sp=0x000000d9872f6fe0
Event: 25.006 Thread 0x0000029c8f97d000 DEOPT UNPACKING pc=0x0000029c800276ce sp=0x000000d9872f64b8 mode 0
Event: 25.131 Thread 0x0000029c8f97d000 DEOPT PACKING pc=0x0000029c80a2ea11 sp=0x000000d9872f81e0
Event: 25.132 Thread 0x0000029c8f97d000 DEOPT UNPACKING pc=0x0000029c800276ce sp=0x000000d9872f76b8 mode 0
Event: 25.132 Thread 0x0000029c8f97d000 DEOPT PACKING pc=0x0000029c80b26d16 sp=0x000000d9872f81b0
Event: 25.132 Thread 0x0000029c8f97d000 DEOPT UNPACKING pc=0x0000029c800276ce sp=0x000000d9872f76c8 mode 0
Event: 25.135 Thread 0x0000029c8f97d000 DEOPT PACKING pc=0x0000029c80a2e779 sp=0x000000d9872f81e0
Event: 25.135 Thread 0x0000029c8f97d000 DEOPT UNPACKING pc=0x0000029c800276ce sp=0x000000d9872f76a8 mode 0
Event: 25.135 Thread 0x0000029c8f97d000 DEOPT PACKING pc=0x0000029c80b26d16 sp=0x000000d9872f81b0
Event: 25.135 Thread 0x0000029c8f97d000 DEOPT UNPACKING pc=0x0000029c800276ce sp=0x000000d9872f76c8 mode 0
Event: 25.137 Thread 0x0000029c8f97d000 Uncommon trap: trap_request=0xffffff4d fr.pc=0x0000029c87b6f258 relative=0x0000000000000598
Event: 25.137 Thread 0x0000029c8f97d000 Uncommon trap: reason=unstable_if action=reinterpret pc=0x0000029c87b6f258 method=java.lang.String.replace(CC)Ljava/lang/String; @ 2 c2
Event: 25.137 Thread 0x0000029c8f97d000 DEOPT PACKING pc=0x0000029c87b6f258 sp=0x000000d9872f82e0
Event: 25.137 Thread 0x0000029c8f97d000 DEOPT UNPACKING pc=0x0000029c800278af sp=0x000000d9872f8290 mode 2

Classes redefined (0 events):
No events

Internal exceptions (20 events):
Event: 22.746 Thread 0x0000029c8f97d000 Exception <a 'java/lang/NoSuchMethodError'{0x0000000084cfe370}: 'java.lang.Object java.lang.invoke.Invokers$Holder.linkToTargetMethod(java.lang.Object, java.lang.Object, java.lang.Object, int, java.lang.Object)'> (0x0000000084cfe370) thrown at [./src/hotspot/share/interpreter/linkResolver.cpp, line 773]
Event: 23.051 Thread 0x0000029c8f97d000 Exception <a 'java/lang/NoSuchMethodError'{0x00000000871a9ae8}: 'java.lang.Object java.lang.invoke.DirectMethodHandle$Holder.invokeSpecial(java.lang.Object, java.lang.Object, int, int, java.lang.Object, java.lang.Object, java.lang.Object)'> (0x00000000871a9ae8) thrown at [./src/hotspot/share/interpreter/linkResolver.cpp, line 773]
Event: 23.052 Thread 0x0000029c8f97d000 Exception <a 'java/lang/NoSuchMethodError'{0x00000000871ae068}: 'java.lang.Object java.lang.invoke.DelegatingMethodHandle$Holder.reinvoke_L(java.lang.Object, int, int, java.lang.Object, java.lang.Object, java.lang.Object)'> (0x00000000871ae068) thrown at [./src/hotspot/share/interpreter/linkResolver.cpp, line 773]
Event: 23.296 Thread 0x0000029c8f97d000 Exception <a 'java/lang/NoSuchMethodError'{0x0000000086596968}: 'int java.lang.invoke.DirectMethodHandle$Holder.invokeInterface(java.lang.Object, java.lang.Object, java.lang.Object, java.lang.Object)'> (0x0000000086596968) thrown at [./src/hotspot/share/interpreter/linkResolver.cpp, line 773]
Event: 23.334 Thread 0x0000029c8f97d000 Implicit null exception at 0x0000029c87c97861 to 0x0000029c87c979f0
Event: 23.698 Thread 0x0000029c8f97d000 Exception <a 'java/lang/NoSuchMethodError'{0x0000000085574160}: 'void java.lang.invoke.DirectMethodHandle$Holder.invokeInterface(java.lang.Object, java.lang.Object, java.lang.Object, java.lang.Object)'> (0x0000000085574160) thrown at [./src/hotspot/share/interpreter/linkResolver.cpp, line 773]
Event: 23.891 Thread 0x0000029c8f97d000 Exception <a 'java/lang/IncompatibleClassChangeError'{0x000000008779b250}: Found class java.lang.Object, but interface was expected> (0x000000008779b250) thrown at [./src/hotspot/share/interpreter/linkResolver.cpp, line 839]
Event: 24.101 Thread 0x0000029c8f97d000 Implicit null exception at 0x0000029c87d3ecab to 0x0000029c87d3ef80
Event: 24.404 Thread 0x0000029c8f97d000 Exception <a 'sun/nio/fs/WindowsException'{0x0000000086784548}> (0x0000000086784548) thrown at [./src/hotspot/share/prims/jni.cpp, line 615]
Event: 25.099 Thread 0x0000029c8f97d000 Exception <a 'java/lang/IncompatibleClassChangeError'{0x00000000868f6108}: Found class java.lang.Object, but interface was expected> (0x00000000868f6108) thrown at [./src/hotspot/share/interpreter/linkResolver.cpp, line 839]
Event: 25.143 Thread 0x0000029c8f97d000 Exception <a 'java/lang/ClassNotFoundException'{0x00000000866b7630}: org/gradle/api/internal/project/DefaultAntBuilderBeanInfo> (0x00000000866b7630) thrown at [./src/hotspot/share/classfile/systemDictionary.cpp, line 231]
Event: 25.145 Thread 0x0000029c8f97d000 Exception <a 'java/lang/ClassNotFoundException'{0x00000000866e9ce8}: org/gradle/api/internal/project/ant/BasicAntBuilderBeanInfo> (0x00000000866e9ce8) thrown at [./src/hotspot/share/classfile/systemDictionary.cpp, line 231]
Event: 25.146 Thread 0x0000029c8f97d000 Exception <a 'java/lang/ClassNotFoundException'{0x0000000086512c70}: org/gradle/api/AntBuilderBeanInfo> (0x0000000086512c70) thrown at [./src/hotspot/share/classfile/systemDictionary.cpp, line 231]
Event: 25.148 Thread 0x0000029c8f97d000 Exception <a 'java/lang/ClassNotFoundException'{0x000000008658d5a0}: groovy/util/AntBuilderBeanInfo> (0x000000008658d5a0) thrown at [./src/hotspot/share/classfile/systemDictionary.cpp, line 231]
Event: 25.150 Thread 0x0000029c8f97d000 Exception <a 'java/lang/ClassNotFoundException'{0x00000000864097e8}: groovy/util/BuilderSupportBeanInfo> (0x00000000864097e8) thrown at [./src/hotspot/share/classfile/systemDictionary.cpp, line 231]
Event: 25.151 Thread 0x0000029c8f97d000 Exception <a 'java/lang/ClassNotFoundException'{0x00000000864868f0}: groovy/util/BuilderSupportCustomizer> (0x00000000864868f0) thrown at [./src/hotspot/share/classfile/systemDictionary.cpp, line 231]
Event: 25.155 Thread 0x0000029c8f97d000 Exception <a 'java/lang/ClassNotFoundException'{0x0000000086303b18}: groovy/util/AntBuilderCustomizer> (0x0000000086303b18) thrown at [./src/hotspot/share/classfile/systemDictionary.cpp, line 231]
Event: 25.157 Thread 0x0000029c8f97d000 Exception <a 'java/lang/ClassNotFoundException'{0x0000000086332b88}: org/gradle/api/AntBuilderCustomizer> (0x0000000086332b88) thrown at [./src/hotspot/share/classfile/systemDictionary.cpp, line 231]
Event: 25.158 Thread 0x0000029c8f97d000 Exception <a 'java/lang/ClassNotFoundException'{0x000000008636e230}: org/gradle/api/internal/project/ant/BasicAntBuilderCustomizer> (0x000000008636e230) thrown at [./src/hotspot/share/classfile/systemDictionary.cpp, line 231]
Event: 25.160 Thread 0x0000029c8f97d000 Exception <a 'java/lang/ClassNotFoundException'{0x00000000863af1a8}: org/gradle/api/internal/project/DefaultAntBuilderCustomizer> (0x00000000863af1a8) thrown at [./src/hotspot/share/classfile/systemDictionary.cpp, line 231]

Events (20 events):
Event: 25.252 loading class org/gradle/internal/build/event/DefaultBuildEventsListenerRegistry$AbstractListener done
Event: 25.252 Thread 0x0000029c93d4a000 Thread added: 0x0000029c93d4a000
Event: 25.254 loading class org/jetbrains/kotlin/gradle/plugin/KotlinGradleFinishBuildHandler
Event: 25.254 loading class org/jetbrains/kotlin/gradle/plugin/KotlinGradleFinishBuildHandler done
Event: 25.257 loading class org/jetbrains/kotlin/gradle/plugin/KotlinGradleFinishBuildHandler$Companion
Event: 25.257 loading class org/jetbrains/kotlin/gradle/plugin/KotlinGradleFinishBuildHandler$Companion done
Event: 25.257 loading class org/jetbrains/kotlin/gradle/plugin/KotlinGradleBuildServices$Companion$detectKotlinPluginLoadedInMultipleProjects$onRegister$1
Event: 25.257 loading class org/jetbrains/kotlin/gradle/plugin/KotlinGradleBuildServices$Companion$detectKotlinPluginLoadedInMultipleProjects$onRegister$1 done
Event: 25.258 loading class org/jetbrains/kotlin/gradle/plugin/KotlinGradleBuildServices$Companion$detectKotlinPluginLoadedInMultipleProjects$onRegister$1$1
Event: 25.258 loading class org/jetbrains/kotlin/gradle/plugin/KotlinGradleBuildServices$Companion$detectKotlinPluginLoadedInMultipleProjects$onRegister$1$1 done
Event: 25.258 loading class org/jetbrains/kotlin/gradle/dsl/KotlinAndroidProjectExtension
Event: 25.258 loading class org/jetbrains/kotlin/gradle/dsl/KotlinAndroidProjectExtension done
Event: 25.259 loading class org/jetbrains/kotlin/gradle/dsl/KotlinSingleTargetExtension
Event: 25.259 loading class org/jetbrains/kotlin/gradle/dsl/KotlinSingleTargetExtension done
Event: 25.259 loading class org/jetbrains/kotlin/gradle/dsl/KotlinProjectExtension
Event: 25.259 loading class org/jetbrains/kotlin/gradle/dsl/KotlinProjectExtension done
Event: 25.260 loading class org/jetbrains/kotlin/gradle/plugin/KotlinSourceSetContainer
Event: 25.260 loading class org/jetbrains/kotlin/gradle/plugin/KotlinSourceSetContainer done
Event: 25.261 loading class org/jetbrains/kotlin/gradle/dsl/KotlinTopLevelExtension
Event: 25.261 loading class org/jetbrains/kotlin/gradle/dsl/KotlinTopLevelExtension done


Dynamic libraries:
0x00007ff63b390000 - 0x00007ff63b39a000 	C:\Progs\android studio\jre\bin\java.exe
0x00007ffdbc210000 - 0x00007ffdbc405000 	C:\Windows\SYSTEM32\ntdll.dll
0x00007ffdbb360000 - 0x00007ffdbb41e000 	C:\Windows\System32\KERNEL32.DLL
0x00007ffdb9b60000 - 0x00007ffdb9e28000 	C:\Windows\System32\KERNELBASE.dll
0x00007ffdba0f0000 - 0x00007ffdba1f0000 	C:\Windows\System32\ucrtbase.dll
0x00007ffdb3e40000 - 0x00007ffdb3e59000 	C:\Progs\android studio\jre\bin\jli.dll
0x00007ffd9d660000 - 0x00007ffd9d677000 	C:\Progs\android studio\jre\bin\VCRUNTIME140.dll
0x00007ffdbc010000 - 0x00007ffdbc1b1000 	C:\Windows\System32\USER32.dll
0x00007ffdb99d0000 - 0x00007ffdb99f2000 	C:\Windows\System32\win32u.dll
0x00007ffda5810000 - 0x00007ffda5aaa000 	C:\Windows\WinSxS\amd64_microsoft.windows.common-controls_6595b64144ccf1df_6.0.19041.1110_none_60b5254171f9507e\COMCTL32.dll
0x00007ffdbb6a0000 - 0x00007ffdbb6cb000 	C:\Windows\System32\GDI32.dll
0x00007ffdbbb10000 - 0x00007ffdbbbae000 	C:\Windows\System32\msvcrt.dll
0x00007ffdb9a00000 - 0x00007ffdb9b0d000 	C:\Windows\System32\gdi32full.dll
0x00007ffdb9e30000 - 0x00007ffdb9ecd000 	C:\Windows\System32\msvcp_win.dll
0x00007ffdbb6d0000 - 0x00007ffdbb700000 	C:\Windows\System32\IMM32.DLL
0x00007ffd8b690000 - 0x00007ffd8b72d000 	C:\Progs\android studio\jre\bin\msvcp140.dll
0x00007ffd6a8e0000 - 0x00007ffd6b3af000 	C:\Progs\android studio\jre\bin\server\jvm.dll
0x00007ffdbbbb0000 - 0x00007ffdbbc5e000 	C:\Windows\System32\ADVAPI32.dll
0x00007ffdbb540000 - 0x00007ffdbb5dc000 	C:\Windows\System32\sechost.dll
0x00007ffdba7a0000 - 0x00007ffdba8c5000 	C:\Windows\System32\RPCRT4.dll
0x00007ffdbaa70000 - 0x00007ffdbaa78000 	C:\Windows\System32\PSAPI.DLL
0x00007ffdaf7f0000 - 0x00007ffdaf817000 	C:\Windows\SYSTEM32\WINMM.dll
0x00007ffda2680000 - 0x00007ffda2689000 	C:\Windows\SYSTEM32\WSOCK32.dll
0x00007ffdbbc60000 - 0x00007ffdbbccb000 	C:\Windows\System32\WS2_32.dll
0x00007ffdb17e0000 - 0x00007ffdb17ea000 	C:\Windows\SYSTEM32\VERSION.dll
0x00007ffdb7810000 - 0x00007ffdb7822000 	C:\Windows\SYSTEM32\kernel.appcore.dll
0x00007ffda4bb0000 - 0x00007ffda4bc1000 	C:\Progs\android studio\jre\bin\verify.dll
0x00007ffda6c70000 - 0x00007ffda6e54000 	C:\Windows\SYSTEM32\DBGHELP.DLL
0x00007ffda2600000 - 0x00007ffda262c000 	C:\Windows\SYSTEM32\dbgcore.DLL
0x00007ffdba060000 - 0x00007ffdba0e2000 	C:\Windows\System32\bcryptPrimitives.dll
0x00007ffda2530000 - 0x00007ffda2559000 	C:\Progs\android studio\jre\bin\java.dll
0x00007ffdae950000 - 0x00007ffdae95b000 	C:\Progs\android studio\jre\bin\jimage.dll
0x00007ffda3d90000 - 0x00007ffda3da8000 	C:\Progs\android studio\jre\bin\zip.dll
0x00007ffdbab30000 - 0x00007ffdbb274000 	C:\Windows\System32\SHELL32.dll
0x00007ffdb7a10000 - 0x00007ffdb81a5000 	C:\Windows\SYSTEM32\windows.storage.dll
0x00007ffdbb700000 - 0x00007ffdbba55000 	C:\Windows\System32\combase.dll
0x00007ffdb92a0000 - 0x00007ffdb92ce000 	C:\Windows\SYSTEM32\Wldp.dll
0x00007ffdbba60000 - 0x00007ffdbbb0d000 	C:\Windows\System32\SHCORE.dll
0x00007ffdba980000 - 0x00007ffdba9d5000 	C:\Windows\System32\shlwapi.dll
0x00007ffdb9860000 - 0x00007ffdb987f000 	C:\Windows\SYSTEM32\profapi.dll
0x00007ffda2510000 - 0x00007ffda252a000 	C:\Progs\android studio\jre\bin\net.dll
0x00007ffdafa90000 - 0x00007ffdafb9c000 	C:\Windows\SYSTEM32\WINHTTP.dll
0x00007ffdb9000000 - 0x00007ffdb906a000 	C:\Windows\system32\mswsock.dll
0x00007ffd9d9b0000 - 0x00007ffd9d9c4000 	C:\Progs\android studio\jre\bin\nio.dll
0x00007ffd8e7f0000 - 0x00007ffd8e817000 	C:\Users\rxsho\.gradle\native\8bec1ad78214c89d9ad589b4d07fe93259594b29d510b10fafb7a158f7737e5d\windows-amd64\native-platform.dll
0x00007ffd80400000 - 0x00007ffd8053d000 	C:\Users\rxsho\.gradle\native\53dbd7edfb1c66fb8903c78663c9afc45aea4f116125fa6feffd364cf09443e8\windows-amd64\native-platform-file-events.dll
0x00007ffdacd60000 - 0x00007ffdacd6a000 	C:\Progs\android studio\jre\bin\management.dll
0x00007ffdaa600000 - 0x00007ffdaa60c000 	C:\Progs\android studio\jre\bin\management_ext.dll
0x00007ffdb9200000 - 0x00007ffdb9218000 	C:\Windows\SYSTEM32\CRYPTSP.dll
0x00007ffdb8980000 - 0x00007ffdb89b4000 	C:\Windows\system32\rsaenh.dll
0x00007ffdba030000 - 0x00007ffdba057000 	C:\Windows\System32\bcrypt.dll
0x00007ffdb9820000 - 0x00007ffdb984e000 	C:\Windows\SYSTEM32\USERENV.dll
0x00007ffdb91f0000 - 0x00007ffdb91fc000 	C:\Windows\SYSTEM32\CRYPTBASE.dll
0x00007ffdb8cf0000 - 0x00007ffdb8d2b000 	C:\Windows\SYSTEM32\IPHLPAPI.DLL
0x00007ffdbc1c0000 - 0x00007ffdbc1c8000 	C:\Windows\System32\NSI.dll
0x00007ffdb1880000 - 0x00007ffdb1897000 	C:\Windows\SYSTEM32\dhcpcsvc6.DLL
0x00007ffdb1860000 - 0x00007ffdb187d000 	C:\Windows\SYSTEM32\dhcpcsvc.DLL
0x00007ffdb8d30000 - 0x00007ffdb8dfb000 	C:\Windows\SYSTEM32\DNSAPI.dll

dbghelp: loaded successfully - version: 4.0.5 - missing functions: none
symbol engine: initialized successfully - sym options: 0x614 - pdb path: .;C:\Progs\android studio\jre\bin;C:\Windows\SYSTEM32;C:\Windows\WinSxS\amd64_microsoft.windows.common-controls_6595b64144ccf1df_6.0.19041.1110_none_60b5254171f9507e;C:\Progs\android studio\jre\bin\server;C:\Users\rxsho\.gradle\native\8bec1ad78214c89d9ad589b4d07fe93259594b29d510b10fafb7a158f7737e5d\windows-amd64;C:\Users\rxsho\.gradle\native\53dbd7edfb1c66fb8903c78663c9afc45aea4f116125fa6feffd364cf09443e8\windows-amd64

VM Arguments:
jvm_args: --add-opens=java.base/java.util=ALL-UNNAMED --add-opens=java.base/java.lang=ALL-UNNAMED --add-opens=java.base/java.lang.invoke=ALL-UNNAMED --add-opens=java.base/java.util=ALL-UNNAMED --add-opens=java.prefs/java.util.prefs=ALL-UNNAMED --add-opens=java.prefs/java.util.prefs=ALL-UNNAMED --add-opens=java.base/java.nio.charset=ALL-UNNAMED --add-opens=java.base/java.net=ALL-UNNAMED --add-opens=java.base/java.util.concurrent.atomic=ALL-UNNAMED -Xmx2048m -Dfile.encoding=UTF-8 -Duser.country=RU -Duser.language=ru -Duser.variant 
java_command: org.gradle.launcher.daemon.bootstrap.GradleDaemon 7.0.2
java_class_path (initial): C:\Users\rxsho\.gradle\wrapper\dists\gradle-7.0.2-bin\857tjihv64xamwrf0h14cai3r\gradle-7.0.2\lib\gradle-launcher-7.0.2.jar
Launcher Type: SUN_STANDARD

[Global flags]
     intx CICompilerCount                          = 4                                         {product} {ergonomic}
     uint ConcGCThreads                            = 3                                         {product} {ergonomic}
     uint G1ConcRefinementThreads                  = 10                                        {product} {ergonomic}
   size_t G1HeapRegionSize                         = 1048576                                   {product} {ergonomic}
    uintx GCDrainStackTargetSize                   = 64                                        {product} {ergonomic}
   size_t InitialHeapSize                          = 125829120                                 {product} {ergonomic}
   size_t MarkStackSize                            = 4194304                                   {product} {ergonomic}
   size_t MaxHeapSize                              = 2147483648                                {product} {command line}
   size_t MaxNewSize                               = 1287651328                                {product} {ergonomic}
   size_t MinHeapDeltaBytes                        = 1048576                                   {product} {ergonomic}
    uintx NonNMethodCodeHeapSize                   = 5836300                                {pd product} {ergonomic}
    uintx NonProfiledCodeHeapSize                  = 122910970                              {pd product} {ergonomic}
    uintx ProfiledCodeHeapSize                     = 122910970                              {pd product} {ergonomic}
    uintx ReservedCodeCacheSize                    = 251658240                              {pd product} {ergonomic}
     bool SegmentedCodeCache                       = true                                      {product} {ergonomic}
     bool UseCompressedClassPointers               = true                                 {lp64_product} {ergonomic}
     bool UseCompressedOops                        = true                                 {lp64_product} {ergonomic}
     bool UseG1GC                                  = true                                      {product} {ergonomic}
     bool UseLargePagesIndividualAllocation        = false                                  {pd product} {ergonomic}

Logging:
Log output configuration:
 #0: stdout all=warning uptime,level,tags
 #1: stderr all=off uptime,level,tags

Environment Variables:
PATH=C:\Program Files (x86)\Common Files\Oracle\Java\javapath;C:\ProgramData\Oracle\Java\javapath;C:\Windows\system32;C:\Windows;C:\Windows\System32\Wbem;C:\Windows\System32\WindowsPowerShell\v1.0\;C:\Windows\System32\OpenSSH\;C:\Program Files\NVIDIA Corporation\NVIDIA NvDLISR;C:\Program Files (x86)\NVIDIA Corporation\PhysX\Common;C:\Users\rxsho\AppData\Local\Microsoft\WindowsApps;;C:\Progs\IntellIJ\IntelliJ IDEA 2021.3\bin;
USERNAME=Mukhamed
OS=Windows_NT
PROCESSOR_IDENTIFIER=AMD64 Family 23 Model 96 Stepping 1, AuthenticAMD



---------------  S Y S T E M  ---------------

OS: Windows 10 , 64 bit Build 19041 (10.0.19041.1466)
OS uptime: 7 days 17:07 hours

CPU:total 12 (initial active 12) (12 cores per cpu, 2 threads per core) family 23 model 96 stepping 1 microcode 0x0, cmov, cx8, fxsr, mmx, sse, sse2, sse3, ssse3, sse4.1, sse4.2, popcnt, avx, avx2, aes, clmul, mmxext, 3dnowpref, lzcnt, sse4a, ht, tsc, tscinvbit, tscinv, bmi1, bmi2, adx, 

Memory: 4k page, system-wide physical 7599M (101M free)
TotalPageFile size 31151M (AvailPageFile size 1M)
current process WorkingSet (physical memory assigned to process): 301M, peak: 301M
current process commit charge ("private bytes"): 344M, peak: 345M

vm_info: OpenJDK 64-Bit Server VM (11.0.10+0-b96-7249189) for windows-amd64 JRE (11.0.10+0-b96-7249189), built on Mar 31 2021 21:44:00 by "builder" with MS VC++ 14.0 (VS2015)

END.
